Total messages: 8 (Errors: 2, Warnings: 0)

[INFO] %cDownload the React DevTools for a better development experience: https://react.dev/link/react-devtools font-weight:bold @ http://localhost:3584/_next/static/chunks/0z8k_next_dist_1uidste._.js:2477
[LOG] [HMR] connected @ http://localhost:3584/_next/static/chunks/0z8k_next_dist_1uidste._.js:2477
[ERROR] Encountered a script tag while rendering React component. Scripts inside React components are never executed when rendering on the client. Consider using template tag instead (https://developer.mozilla.org/en-US/docs/Web/HTML/Element/template). @ http://localhost:3584/_next/static/chunks/0z8k_next_dist_1uidste._.js:3318
[LOG] [Fast Refresh] rebuilding @ http://localhost:3584/_next/static/chunks/0z8k_next_dist_1uidste._.js:2477
[LOG] [Fast Refresh] done in 373ms @ http://localhost:3584/_next/static/chunks/0z8k_next_dist_1uidste._.js:2477
[LOG] [Fast Refresh] rebuilding @ http://localhost:3584/_next/static/chunks/0z8k_next_dist_1uidste._.js:2477
[LOG] [Fast Refresh] done in 142ms @ http://localhost:3584/_next/static/chunks/0z8k_next_dist_1uidste._.js:2477
Error: Hydration failed because the server rendered HTML didn't match the client. As a result this tree will be regenerated on the client. This can happen if a SSR-ed Client Component used:

- A server/client branch `if (typeof window !== 'undefined')`.
- Variable input such as `Date.now()` or `Math.random()` which changes each time it's called.
- Date formatting in a user's locale which doesn't match the server.
- External changing data without sending a snapshot of it along with the HTML.
- Invalid HTML tag nesting.

It can also happen if the client has a browser extension installed which messes with the HTML before React loaded.

https://react.dev/link/hydration-mismatch

  ...
    <ScrollAndMaybeFocusHandler cacheNode={{rsc:{...}, ...}}>
      <InnerScrollAndFocusHandlerOld focusAndScrollRef={{scrollRef:null, ...}} cacheNode={{rsc:{...}, ...}}>
        <ErrorBoundary errorComponent={undefined} errorStyles={undefined} errorScripts={undefined}>
          <LoadingBoundary name="collect/" loading={null}>
            <HTTPAccessFallbackBoundary notFound={undefined} forbidden={undefined} unauthorized={undefined}>
              <RedirectBoundary>
                <RedirectErrorBoundary router={{...}}>
                  <InnerLayoutRouter url={"/en/coll..."} tree={[...]} params={{locale:"en"}} cacheNode={{rsc:{...}, ...}} ...>
                    <SegmentViewNode type="page" pagePath="[locale]/c...">
                      <SegmentTrieNode>
                      <CollectPage>
                        <main className="relative f...">
                          <CollectClient locale="en" deepLink={{source:"qr", ...}}>
                            <QrExplainerScreen brief={null} locale="en" loading={true} error={false} ...>
                              <Screen>
+                               <div className="min-h-0 flex-1 overflow-y-auto">
-                               <Suspense>
                    ...
                  ...
        ...

    at throwOnHydrationMismatch (http://localhost:3584/_next/static/chunks/0z8k_next_dist_compiled_react-dom_1j3as68._.js:3318:56)
    at beginWork (http://localhost:3584/_next/static/chunks/0z8k_next_dist_compiled_react-dom_1j3as68._.js:6758:918)
    at runWithFiberInDEV (http://localhost:3584/_next/static/chunks/0z8k_next_dist_compiled_react-dom_1j3as68._.js:965:74)
    at performUnitOfWork (http://localhost:3584/_next/static/chunks/0z8k_next_dist_compiled_react-dom_1j3as68._.js:9555:97)
    at workLoopConcurrentByScheduler (http://localhost:3584/_next/static/chunks/0z8k_next_dist_compiled_react-dom_1j3as68._.js:9551:58)
    at renderRootConcurrent (http://localhost:3584/_next/static/chunks/0z8k_next_dist_compiled_react-dom_1j3as68._.js:9534:71)
    at performWorkOnRoot (http://localhost:3584/_next/static/chunks/0z8k_next_dist_compiled_react-dom_1j3as68._.js:9061:150)
    at performWorkOnRootViaSchedulerTask (http://localhost:3584/_next/static/chunks/0z8k_next_dist_compiled_react-dom_1j3as68._.js:10255:9)
    at MessagePort.performWorkUntilDeadline (http://localhost:3584/_next/static/chunks/0z8k_next_dist_compiled_0sy_uk5._.js:2647:64)