[     139ms] [LOG] [Fast Refresh] rebuilding @ http://localhost:3571/_next/static/chunks/165u_next_dist_0y1tt01._.js:2477
[     433ms] [LOG] [Fast Refresh] done in 395ms @ http://localhost:3571/_next/static/chunks/165u_next_dist_0y1tt01._.js:2477
[    1227ms] [INFO] %cDownload the React DevTools for a better development experience: https://react.dev/link/react-devtools font-weight:bold @ http://localhost:3571/_next/static/chunks/165u_next_dist_0y1tt01._.js:2477
[    1254ms] [LOG] [HMR] connected @ http://localhost:3571/_next/static/chunks/165u_next_dist_0y1tt01._.js:2477
[    1823ms] [ERROR] Failed to load resource: net::ERR_CONNECTION_CLOSED @ https://tiles.openfreemap.org/natural_earth/ne2sr/1/1/1.png:0
[    1824ms] [ERROR] Failed to load resource: net::ERR_CONNECTION_CLOSED @ https://tiles.openfreemap.org/natural_earth/ne2sr/1/0/1.png:0
[    1824ms] [ERROR] Failed to load resource: net::ERR_CONNECTION_CLOSED @ https://tiles.openfreemap.org/natural_earth/ne2sr/1/0/0.png:0
[    1824ms] [ERROR] Failed to load resource: net::ERR_CONNECTION_CLOSED @ https://tiles.openfreemap.org/natural_earth/ne2sr/1/1/0.png:0
[    1914ms] [WARNING] Expected value to be of type number, but found null instead. @ blob:http://localhost:3571/69eba8cf-b630-447e-8efe-b21da723ed30:8091
[    1917ms] [WARNING] Expected value to be of type number, but found null instead. @ blob:http://localhost:3571/69eba8cf-b630-447e-8efe-b21da723ed30:8091
[    1919ms] [WARNING] Expected value to be of type number, but found null instead. @ blob:http://localhost:3571/69eba8cf-b630-447e-8efe-b21da723ed30:8091
[    2031ms] [WARNING] Image "office" could not be loaded. Please make sure you have added the image with map.addImage() or a "sprite" property in your style. You can provide missing images by listening for the "styleimagemissing" map event. @ http://localhost:3571/_next/static/chunks/165u_next_dist_0y1tt01._.js:2477
[    2031ms] [WARNING] Image "atm" could not be loaded. Please make sure you have added the image with map.addImage() or a "sprite" property in your style. You can provide missing images by listening for the "styleimagemissing" map event. @ http://localhost:3571/_next/static/chunks/165u_next_dist_0y1tt01._.js:2477
[    2031ms] [WARNING] Image "recycling" could not be loaded. Please make sure you have added the image with map.addImage() or a "sprite" property in your style. You can provide missing images by listening for the "styleimagemissing" map event. @ http://localhost:3571/_next/static/chunks/165u_next_dist_0y1tt01._.js:2477
[    2031ms] [WARNING] Image "gate" could not be loaded. Please make sure you have added the image with map.addImage() or a "sprite" property in your style. You can provide missing images by listening for the "styleimagemissing" map event. @ http://localhost:3571/_next/static/chunks/165u_next_dist_0y1tt01._.js:2477
[    2031ms] [WARNING] Image "swimming_pool" could not be loaded. Please make sure you have added the image with map.addImage() or a "sprite" property in your style. You can provide missing images by listening for the "styleimagemissing" map event. @ http://localhost:3571/_next/static/chunks/165u_next_dist_0y1tt01._.js:2477
[    2031ms] [WARNING] Image "bicycle_parking" could not be loaded. Please make sure you have added the image with map.addImage() or a "sprite" property in your style. You can provide missing images by listening for the "styleimagemissing" map event. @ http://localhost:3571/_next/static/chunks/165u_next_dist_0y1tt01._.js:2477
[    2031ms] [WARNING] Image "lift_gate" could not be loaded. Please make sure you have added the image with map.addImage() or a "sprite" property in your style. You can provide missing images by listening for the "styleimagemissing" map event. @ http://localhost:3571/_next/static/chunks/165u_next_dist_0y1tt01._.js:2477
[    2032ms] [WARNING] Image "sports_centre" could not be loaded. Please make sure you have added the image with map.addImage() or a "sprite" property in your style. You can provide missing images by listening for the "styleimagemissing" map event. @ http://localhost:3571/_next/static/chunks/165u_next_dist_0y1tt01._.js:2477
[    2032ms] [WARNING] Image "toll_booth" could not be loaded. Please make sure you have added the image with map.addImage() or a "sprite" property in your style. You can provide missing images by listening for the "styleimagemissing" map event. @ http://localhost:3571/_next/static/chunks/165u_next_dist_0y1tt01._.js:2477
[    2032ms] [WARNING] Image "running" could not be loaded. Please make sure you have added the image with map.addImage() or a "sprite" property in your style. You can provide missing images by listening for the "styleimagemissing" map event. @ http://localhost:3571/_next/static/chunks/165u_next_dist_0y1tt01._.js:2477
