Route (app)
â”Ś â—‹ /_not-found
â”ś â—Ź /[locale]
â”‚ â”ś /en
â”‚ â”” /es
â”ś Ć’ /[locale]/admin
â”ś Ć’ /[locale]/admin/import
â”ś â—Ź /[locale]/admin/login
â”‚ â”ś /en/admin/login
â”‚ â”” /es/admin/login
â”ś Ć’ /[locale]/admin/queue
â”ś Ć’ /api/admin/import
â”ś Ć’ /api/admin/login
â”ś Ć’ /api/admin/logout
â”ś Ć’ /api/admin/review
â”ś Ć’ /api/routing-network
â”” Ć’ /api/submissions


Ć’ Proxy (Middleware)

â—‹  (Static)   prerendered as static content
â—Ź  (SSG)      prerendered as static HTML (uses generateStaticParams)
Ć’  (Dynamic)  server-rendered on demand

