Total messages: 14 (Errors: 0, Warnings: 12)
Returning 51 messages for level "warning"

[WARNING] Expected value to be of type number, but found null instead. @ blob:http://localhost:3585/46b9b480-9577-466d-9c31-eee678184c24:8091
[WARNING] Expected value to be of type number, but found null instead. @ blob:http://localhost:3585/46b9b480-9577-466d-9c31-eee678184c24:8091
[WARNING] Expected value to be of type number, but found null instead. @ blob:http://localhost:3585/46b9b480-9577-466d-9c31-eee678184c24:8091
[WARNING] Expected value to be of type number, but found null instead. @ blob:http://localhost:3585/46b9b480-9577-466d-9c31-eee678184c24:8091
[ERROR] WebSocket connection to 'ws://localhost:3585/_next/webpack-hmr?id=Ni7z2nV07uKbLHdB6zgRX' failed: Error in connection establishment: net::ERR_CONNECTION_REFUSED @ http://localhost:3585/_next/static/chunks/165u_next_dist_client_0kcowhu._.js:13422
[WARNING] Expected value to be of type number, but found null instead. @ blob:http://localhost:3585/49ed3abb-ce54-4b75-a734-df066482c148:8091
[WARNING] Expected value to be of type number, but found null instead. @ blob:http://localhost:3585/49ed3abb-ce54-4b75-a734-df066482c148:8091
[WARNING] Expected value to be of type number, but found null instead. @ blob:http://localhost:3585/49ed3abb-ce54-4b75-a734-df066482c148:8091
[WARNING] Expected value to be of type number, but found null instead. @ blob:http://localhost:3585/49ed3abb-ce54-4b75-a734-df066482c148:8091
[WARNING] Expected value to be of type number, but found null instead. @ blob:http://localhost:3585/68348ac4-a66a-484d-8fa4-d1b6938ec357:8091
[WARNING] Expected value to be of type number, but found null instead. @ blob:http://localhost:3585/68348ac4-a66a-484d-8fa4-d1b6938ec357:8091
[WARNING] Expected value to be of type number, but found null instead. @ blob:http://localhost:3585/68348ac4-a66a-484d-8fa4-d1b6938ec357:8091
[WARNING] Expected value to be of type number, but found null instead. @ blob:http://localhost:3585/68348ac4-a66a-484d-8fa4-d1b6938ec357:8091
[ERROR] WebSocket connection to 'ws://localhost:3585/_next/webpack-hmr?id=pOQKsi7IEn02RspIm8Q-l' failed:  @ http://localhost:3585/_next/static/chunks/165u_next_dist_client_0kcowhu._.js:13422
[ERROR] WebSocket connection to 'ws://localhost:3585/_next/webpack-hmr?id=pOQKsi7IEn02RspIm8Q-l' failed: Error in connection establishment: net::ERR_CONNECTION_REFUSED @ http://localhost:3585/_next/static/chunks/165u_next_dist_client_0kcowhu._.js:13422
[WARNING] Expected value to be of type number, but found null instead. @ blob:http://localhost:3585/c12e9c46-714e-4cd5-9952-53380d725337:8091
[WARNING] Expected value to be of type number, but found null instead. @ blob:http://localhost:3585/c12e9c46-714e-4cd5-9952-53380d725337:8091
[WARNING] Expected value to be of type number, but found null instead. @ blob:http://localhost:3585/c12e9c46-714e-4cd5-9952-53380d725337:8091
[WARNING] Expected value to be of type number, but found null instead. @ blob:http://localhost:3585/c12e9c46-714e-4cd5-9952-53380d725337:8091
[WARNING] Expected value to be of type number, but found null instead. @ blob:http://localhost:3585/49ec21af-9c6b-4cc3-9294-d94024457ca5:8091
[WARNING] Expected value to be of type number, but found null instead. @ blob:http://localhost:3585/49ec21af-9c6b-4cc3-9294-d94024457ca5:8091
[WARNING] Expected value to be of type number, but found null instead. @ blob:http://localhost:3585/49ec21af-9c6b-4cc3-9294-d94024457ca5:8091
[WARNING] Expected value to be of type number, but found null instead. @ blob:http://localhost:3585/49ec21af-9c6b-4cc3-9294-d94024457ca5:8091
[WARNING] Expected value to be of type number, but found null instead. @ blob:http://localhost:3585/f47e7831-33ca-40f0-b228-7614a297462a:8091
[WARNING] Expected value to be of type number, but found null instead. @ blob:http://localhost:3585/f47e7831-33ca-40f0-b228-7614a297462a:8091
[WARNING] Expected value to be of type number, but found null instead. @ blob:http://localhost:3585/f47e7831-33ca-40f0-b228-7614a297462a:8091
[WARNING] Expected value to be of type number, but found null instead. @ blob:http://localhost:3585/f47e7831-33ca-40f0-b228-7614a297462a:8091
[WARNING] Expected value to be of type number, but found null instead. @ blob:http://localhost:3585/feaf54e0-07f3-4dd6-a20b-40f740a28263:8091
[WARNING] Expected value to be of type number, but found null instead. @ blob:http://localhost:3585/feaf54e0-07f3-4dd6-a20b-40f740a28263:8091
[WARNING] Expected value to be of type number, but found null instead. @ blob:http://localhost:3585/feaf54e0-07f3-4dd6-a20b-40f740a28263:8091
[WARNING] Expected value to be of type number, but found null instead. @ blob:http://localhost:3585/feaf54e0-07f3-4dd6-a20b-40f740a28263:8091
[WARNING] Image "office" could not be loaded. Please make sure you have added the image with map.addImage() or a "sprite" property in your style. You can provide missing images by listening for the "styleimagemissing" map event. @ http://localhost:3585/_next/static/chunks/165u_next_dist_0y1tt01._.js:2477
[WARNING] Image "atm" could not be loaded. Please make sure you have added the image with map.addImage() or a "sprite" property in your style. You can provide missing images by listening for the "styleimagemissing" map event. @ http://localhost:3585/_next/static/chunks/165u_next_dist_0y1tt01._.js:2477
[WARNING] Image "recycling" could not be loaded. Please make sure you have added the image with map.addImage() or a "sprite" property in your style. You can provide missing images by listening for the "styleimagemissing" map event. @ http://localhost:3585/_next/static/chunks/165u_next_dist_0y1tt01._.js:2477
[WARNING] Image "gate" could not be loaded. Please make sure you have added the image with map.addImage() or a "sprite" property in your style. You can provide missing images by listening for the "styleimagemissing" map event. @ http://localhost:3585/_next/static/chunks/165u_next_dist_0y1tt01._.js:2477
[WARNING] Image "swimming_pool" could not be loaded. Please make sure you have added the image with map.addImage() or a "sprite" property in your style. You can provide missing images by listening for the "styleimagemissing" map event. @ http://localhost:3585/_next/static/chunks/165u_next_dist_0y1tt01._.js:2477
[WARNING] Image "lift_gate" could not be loaded. Please make sure you have added the image with map.addImage() or a "sprite" property in your style. You can provide missing images by listening for the "styleimagemissing" map event. @ http://localhost:3585/_next/static/chunks/165u_next_dist_0y1tt01._.js:2477
[WARNING] Image "running" could not be loaded. Please make sure you have added the image with map.addImage() or a "sprite" property in your style. You can provide missing images by listening for the "styleimagemissing" map event. @ http://localhost:3585/_next/static/chunks/165u_next_dist_0y1tt01._.js:2477
[WARNING] Image "sports_centre" could not be loaded. Please make sure you have added the image with map.addImage() or a "sprite" property in your style. You can provide missing images by listening for the "styleimagemissing" map event. @ http://localhost:3585/_next/static/chunks/165u_next_dist_0y1tt01._.js:2477
[WARNING] Expected value to be of type number, but found null instead. @ blob:http://localhost:3585/700e043c-847b-4df1-987f-25df411e1308:8091
[WARNING] Expected value to be of type number, but found null instead. @ blob:http://localhost:3585/700e043c-847b-4df1-987f-25df411e1308:8091
[WARNING] Expected value to be of type number, but found null instead. @ blob:http://localhost:3585/700e043c-847b-4df1-987f-25df411e1308:8091
[WARNING] Expected value to be of type number, but found null instead. @ blob:http://localhost:3585/700e043c-847b-4df1-987f-25df411e1308:8091
[WARNING] Image "office" could not be loaded. Please make sure you have added the image with map.addImage() or a "sprite" property in your style. You can provide missing images by listening for the "styleimagemissing" map event. @ http://localhost:3585/_next/static/chunks/165u_next_dist_0y1tt01._.js:2477
[WARNING] Image "atm" could not be loaded. Please make sure you have added the image with map.addImage() or a "sprite" property in your style. You can provide missing images by listening for the "styleimagemissing" map event. @ http://localhost:3585/_next/static/chunks/165u_next_dist_0y1tt01._.js:2477
[WARNING] Image "recycling" could not be loaded. Please make sure you have added the image with map.addImage() or a "sprite" property in your style. You can provide missing images by listening for the "styleimagemissing" map event. @ http://localhost:3585/_next/static/chunks/165u_next_dist_0y1tt01._.js:2477
[WARNING] Image "gate" could not be loaded. Please make sure you have added the image with map.addImage() or a "sprite" property in your style. You can provide missing images by listening for the "styleimagemissing" map event. @ http://localhost:3585/_next/static/chunks/165u_next_dist_0y1tt01._.js:2477
[WARNING] Image "swimming_pool" could not be loaded. Please make sure you have added the image with map.addImage() or a "sprite" property in your style. You can provide missing images by listening for the "styleimagemissing" map event. @ http://localhost:3585/_next/static/chunks/165u_next_dist_0y1tt01._.js:2477
[WARNING] Image "lift_gate" could not be loaded. Please make sure you have added the image with map.addImage() or a "sprite" property in your style. You can provide missing images by listening for the "styleimagemissing" map event. @ http://localhost:3585/_next/static/chunks/165u_next_dist_0y1tt01._.js:2477
[WARNING] Image "running" could not be loaded. Please make sure you have added the image with map.addImage() or a "sprite" property in your style. You can provide missing images by listening for the "styleimagemissing" map event. @ http://localhost:3585/_next/static/chunks/165u_next_dist_0y1tt01._.js:2477
[WARNING] Image "sports_centre" could not be loaded. Please make sure you have added the image with map.addImage() or a "sprite" property in your style. You can provide missing images by listening for the "styleimagemissing" map event. @ http://localhost:3585/_next/static/chunks/165u_next_dist_0y1tt01._.js:2477